<?xml version="1.0" encoding="UTF-8"?>
<!-- Generated by org.testng.reporters.JUnitReportReporter -->
<testsuite skipped="0" hostname="prashant-OptiPlex-3046" name="LeapScalePractice.LeapScalePractice.DriverNew" tests="1" failures="0" timestamp="12 Mar 2019 09:17:55 GMT" time="4.094" errors="0">
  <testcase name="launchBrowser" time="4.094" classname="LeapScalePractice.LeapScalePractice.DriverNew"/>
</testsuite> <!-- LeapScalePractice.LeapScalePractice.DriverNew -->
