<?xml version="1.0" encoding="UTF-8"?>
<!-- Generated by org.testng.reporters.JUnitReportReporter -->
<testsuite skipped="0" hostname="prashant-OptiPlex-3046" name="LeapScalePractice.LeapScalePractice.DriverNew" tests="1" failures="0" timestamp="07 Jun 2019 11:55:02 GMT" time="3.322" errors="0">
  <testcase name="launchBrowser" time="3.322" classname="LeapScalePractice.LeapScalePractice.DriverNew"/>
</testsuite> <!-- LeapScalePractice.LeapScalePractice.DriverNew -->
